[WARN] [191986 ms] [01-19-2017 10:15:46] [DefaultHandlerExceptionResolver (handleHttpMessageNotReadable : 379)] -
					Failed to read HTTP message: org.springframework.http.converter.HttpMessageNotReadableException: Could not read document: Can not construct instance of com.revature.aes.beans.Assessment: no int/Int-argument constructor/factory method to deserialize from Number value (32)
 at [Source: java.io.PushbackInputStream@4b92573e; line: 1, column: 2636] (through reference chain: com.revature.aes.beans.AnswerData["assessment"]->com.revature.aes.beans.Assessment["assessmentDragDrop"]->java.util.HashSet[0]->com.revature.aes.beans.AssessmentDragDrop["assessmentId"]); nested exception is com.fasterxml.jackson.databind.JsonMappingException: Can not construct instance of com.revature.aes.beans.Assessment: no int/Int-argument constructor/factory method to deserialize from Number value (32)
 at [Source: java.io.PushbackInputStream@4b92573e; line: 1, column: 2636] (through reference chain: com.revature.aes.beans.AnswerData["assessment"]->com.revature.aes.beans.Assessment["assessmentDragDrop"]->java.util.HashSet[0]->com.revature.aes.beans.AssessmentDragDrop["assessmentId"])
[WARN] [192003 ms] [01-19-2017 10:15:46] [DefaultHandlerExceptionResolver (logException : 189)] -
					Resolved exception caused by Handler execution: org.springframework.http.converter.HttpMessageNotReadableException: Could not read document: Can not construct instance of com.revature.aes.beans.Assessment: no int/Int-argument constructor/factory method to deserialize from Number value (32)
 at [Source: java.io.PushbackInputStream@4b92573e; line: 1, column: 2636] (through reference chain: com.revature.aes.beans.AnswerData["assessment"]->com.revature.aes.beans.Assessment["assessmentDragDrop"]->java.util.HashSet[0]->com.revature.aes.beans.AssessmentDragDrop["assessmentId"]); nested exception is com.fasterxml.jackson.databind.JsonMappingException: Can not construct instance of com.revature.aes.beans.Assessment: no int/Int-argument constructor/factory method to deserialize from Number value (32)
 at [Source: java.io.PushbackInputStream@4b92573e; line: 1, column: 2636] (through reference chain: com.revature.aes.beans.AnswerData["assessment"]->com.revature.aes.beans.Assessment["assessmentDragDrop"]->java.util.HashSet[0]->com.revature.aes.beans.AssessmentDragDrop["assessmentId"])
[WARN] [88626 ms] [01-19-2017 10:23:26] [DefaultHandlerExceptionResolver (handleHttpMessageNotReadable : 379)] -
					Failed to read HTTP message: org.springframework.http.converter.HttpMessageNotReadableException: Could not read document: Can not construct instance of com.revature.aes.beans.Assessment: no int/Int-argument constructor/factory method to deserialize from Number value (32)
 at [Source: java.io.PushbackInputStream@73655b8d; line: 1, column: 2636] (through reference chain: com.revature.aes.beans.AnswerData["assessment"]->com.revature.aes.beans.Assessment["assessmentDragDrop"]->java.util.HashSet[0]->com.revature.aes.beans.AssessmentDragDrop["assessmentId"]); nested exception is com.fasterxml.jackson.databind.JsonMappingException: Can not construct instance of com.revature.aes.beans.Assessment: no int/Int-argument constructor/factory method to deserialize from Number value (32)
 at [Source: java.io.PushbackInputStream@73655b8d; line: 1, column: 2636] (through reference chain: com.revature.aes.beans.AnswerData["assessment"]->com.revature.aes.beans.Assessment["assessmentDragDrop"]->java.util.HashSet[0]->com.revature.aes.beans.AssessmentDragDrop["assessmentId"])
[WARN] [88627 ms] [01-19-2017 10:23:26] [DefaultHandlerExceptionResolver (logException : 189)] -
					Resolved exception caused by Handler execution: org.springframework.http.converter.HttpMessageNotReadableException: Could not read document: Can not construct instance of com.revature.aes.beans.Assessment: no int/Int-argument constructor/factory method to deserialize from Number value (32)
 at [Source: java.io.PushbackInputStream@73655b8d; line: 1, column: 2636] (through reference chain: com.revature.aes.beans.AnswerData["assessment"]->com.revature.aes.beans.Assessment["assessmentDragDrop"]->java.util.HashSet[0]->com.revature.aes.beans.AssessmentDragDrop["assessmentId"]); nested exception is com.fasterxml.jackson.databind.JsonMappingException: Can not construct instance of com.revature.aes.beans.Assessment: no int/Int-argument constructor/factory method to deserialize from Number value (32)
 at [Source: java.io.PushbackInputStream@73655b8d; line: 1, column: 2636] (through reference chain: com.revature.aes.beans.AnswerData["assessment"]->com.revature.aes.beans.Assessment["assessmentDragDrop"]->java.util.HashSet[0]->com.revature.aes.beans.AssessmentDragDrop["assessmentId"])
[WARN] [97029 ms] [01-19-2017 10:31:04] [DefaultHandlerExceptionResolver (handleHttpMessageNotReadable : 379)] -
					Failed to read HTTP message: org.springframework.http.converter.HttpMessageNotReadableException: Could not read document: Can not construct instance of com.revature.aes.beans.Assessment: no int/Int-argument constructor/factory method to deserialize from Number value (32)
 at [Source: java.io.PushbackInputStream@59c965c0; line: 1, column: 2635] (through reference chain: com.revature.aes.beans.AnswerData["assessment"]->com.revature.aes.beans.Assessment["assessmentDragDrop"]->java.util.HashSet[0]->com.revature.aes.beans.AssessmentDragDrop["assessmentId"]); nested exception is com.fasterxml.jackson.databind.JsonMappingException: Can not construct instance of com.revature.aes.beans.Assessment: no int/Int-argument constructor/factory method to deserialize from Number value (32)
 at [Source: java.io.PushbackInputStream@59c965c0; line: 1, column: 2635] (through reference chain: com.revature.aes.beans.AnswerData["assessment"]->com.revature.aes.beans.Assessment["assessmentDragDrop"]->java.util.HashSet[0]->com.revature.aes.beans.AssessmentDragDrop["assessmentId"])
[WARN] [97030 ms] [01-19-2017 10:31:04] [DefaultHandlerExceptionResolver (logException : 189)] -
					Resolved exception caused by Handler execution: org.springframework.http.converter.HttpMessageNotReadableException: Could not read document: Can not construct instance of com.revature.aes.beans.Assessment: no int/Int-argument constructor/factory method to deserialize from Number value (32)
 at [Source: java.io.PushbackInputStream@59c965c0; line: 1, column: 2635] (through reference chain: com.revature.aes.beans.AnswerData["assessment"]->com.revature.aes.beans.Assessment["assessmentDragDrop"]->java.util.HashSet[0]->com.revature.aes.beans.AssessmentDragDrop["assessmentId"]); nested exception is com.fasterxml.jackson.databind.JsonMappingException: Can not construct instance of com.revature.aes.beans.Assessment: no int/Int-argument constructor/factory method to deserialize from Number value (32)
 at [Source: java.io.PushbackInputStream@59c965c0; line: 1, column: 2635] (through reference chain: com.revature.aes.beans.AnswerData["assessment"]->com.revature.aes.beans.Assessment["assessmentDragDrop"]->java.util.HashSet[0]->com.revature.aes.beans.AssessmentDragDrop["assessmentId"])
[WARN] [145599 ms] [01-19-2017 11:02:35] [DefaultHandlerExceptionResolver (handleHttpMessageNotReadable : 379)] -
					Failed to read HTTP message: org.springframework.http.converter.HttpMessageNotReadableException: Could not read document: N/A
 at [Source: java.io.PushbackInputStream@2406fb75; line: 1, column: 2701] (through reference chain: com.revature.aes.beans.AnswerData["assessment"]->com.revature.aes.beans.Assessment["assessmentDragDrop"]->java.util.HashSet[0]->com.revature.aes.beans.AssessmentDragDrop["assessmentId"]); nested exception is com.fasterxml.jackson.databind.JsonMappingException: N/A
 at [Source: java.io.PushbackInputStream@2406fb75; line: 1, column: 2701] (through reference chain: com.revature.aes.beans.AnswerData["assessment"]->com.revature.aes.beans.Assessment["assessmentDragDrop"]->java.util.HashSet[0]->com.revature.aes.beans.AssessmentDragDrop["assessmentId"])
[WARN] [145600 ms] [01-19-2017 11:02:35] [DefaultHandlerExceptionResolver (logException : 189)] -
					Resolved exception caused by Handler execution: org.springframework.http.converter.HttpMessageNotReadableException: Could not read document: N/A
 at [Source: java.io.PushbackInputStream@2406fb75; line: 1, column: 2701] (through reference chain: com.revature.aes.beans.AnswerData["assessment"]->com.revature.aes.beans.Assessment["assessmentDragDrop"]->java.util.HashSet[0]->com.revature.aes.beans.AssessmentDragDrop["assessmentId"]); nested exception is com.fasterxml.jackson.databind.JsonMappingException: N/A
 at [Source: java.io.PushbackInputStream@2406fb75; line: 1, column: 2701] (through reference chain: com.revature.aes.beans.AnswerData["assessment"]->com.revature.aes.beans.Assessment["assessmentDragDrop"]->java.util.HashSet[0]->com.revature.aes.beans.AssessmentDragDrop["assessmentId"])
